DEPRECATION WARNING: You didn't set config.secret_key_base. Read the upgrade documentation to learn more about this new config option. (called from env_config at /Users/yone/.rvm/gems/ruby-1.9.3-p286/gems/railties-4.0.0/lib/rails/application.rb:141)
Processing by RaccoonController#respond_200 as HTML
  Rendered text template (0.1ms)
Completed 200 OK in 15ms (Views: 14.3ms)
DEPRECATION WARNING: You didn't set config.secret_key_base. Read the upgrade documentation to learn more about this new config option. (called from env_config at /Users/yone/.rvm/gems/ruby-1.9.3-p286/gems/railties-4.0.0/lib/rails/application.rb:141)
Processing by RaccoonController#respond_200 as HTML
  Rendered text template (0.1ms)
Completed 200 OK in 10ms (Views: 10.1ms)
DEPRECATION WARNING: You didn't set config.secret_key_base. Read the upgrade documentation to learn more about this new config option. (called from env_config at /Users/yone/.rvm/gems/ruby-1.9.3-p286/gems/railties-4.0.0/lib/rails/application.rb:141)
Processing by RaccoonController#respond_200 as HTML
  Rendered text template (0.1ms)
Completed 200 OK in 10ms (Views: 9.8ms)
DEPRECATION WARNING: You didn't set config.secret_key_base. Read the upgrade documentation to learn more about this new config option. (called from env_config at /Users/yone/.rvm/gems/ruby-1.9.3-p286/gems/railties-4.0.0/lib/rails/application.rb:141)
Processing by RaccoonController#respond_200 as HTML
  Rendered text template (0.1ms)
Completed 200 OK in 10ms (Views: 9.6ms)
Processing by RaccoonController#respond_404 as HTML
Completed 404 Not Found in 1ms (Views: 0.4ms)
DEPRECATION WARNING: You didn't set config.secret_key_base. Read the upgrade documentation to learn more about this new config option. (called from env_config at /Users/yone/.rvm/gems/ruby-1.9.3-p286/gems/railties-4.0.0/lib/rails/application.rb:141)
Processing by RaccoonController#respond_200 as HTML
  Rendered text template (0.1ms)
Completed 200 OK in 10ms (Views: 9.6ms)
Processing by RaccoonController#respond_404 as HTML
Completed 404 Not Found in 1ms (Views: 0.5ms)
DEPRECATION WARNING: You didn't set config.secret_key_base. Read the upgrade documentation to learn more about this new config option. (called from env_config at /Users/yone/.rvm/gems/ruby-1.9.3-p286/gems/railties-4.0.0/lib/rails/application.rb:141)
Processing by RaccoonController#respond_200 as HTML
  Rendered text template (0.1ms)
Completed 200 OK in 11ms (Views: 10.6ms)
Processing by RaccoonController#respond_404 as HTML
Completed 404 Not Found in 1ms (Views: 0.5ms)
DEPRECATION WARNING: You didn't set config.secret_key_base. Read the upgrade documentation to learn more about this new config option. (called from env_config at /Users/yone/.rvm/gems/ruby-1.9.3-p286/gems/railties-4.0.0/lib/rails/application.rb:141)
Processing by RaccoonController#respond_200 as HTML
  Rendered text template (0.1ms)
Completed 200 OK in 10ms (Views: 9.8ms)
Processing by RaccoonController#respond_404 as HTML
Completed 404 Not Found in 1ms (Views: 0.6ms)
DEPRECATION WARNING: You didn't set config.secret_key_base. Read the upgrade documentation to learn more about this new config option. (called from env_config at /Users/yone/.rvm/gems/ruby-1.9.3-p286/gems/railties-4.0.0/lib/rails/application.rb:141)
Processing by RaccoonController#respond_200 as HTML
  Rendered text template (0.1ms)
Completed 200 OK in 11ms (Views: 10.3ms)
Processing by RaccoonController#respond_404 as HTML
Completed 404 Not Found in 1ms (Views: 0.5ms)
DEPRECATION WARNING: You didn't set config.secret_key_base. Read the upgrade documentation to learn more about this new config option. (called from env_config at /Users/yone/.rvm/gems/ruby-1.9.3-p286/gems/railties-4.0.0/lib/rails/application.rb:141)
Processing by RaccoonController#respond_200 as HTML
  Rendered text template (0.1ms)
Completed 200 OK in 10ms (Views: 9.7ms)
Processing by RaccoonController#respond_404 as HTML
Completed 404 Not Found in 1ms (Views: 0.4ms)
DEPRECATION WARNING: You didn't set config.secret_key_base. Read the upgrade documentation to learn more about this new config option. (called from env_config at /Users/yone/.rvm/gems/ruby-1.9.3-p286/gems/railties-4.0.0/lib/rails/application.rb:141)
Processing by RaccoonController#respond_200 as HTML
  Rendered text template (0.1ms)
Completed 200 OK in 10ms (Views: 9.9ms)
Processing by RaccoonController#respond_404 as HTML
Completed 404 Not Found in 1ms (Views: 0.7ms)
DEPRECATION WARNING: You didn't set config.secret_key_base. Read the upgrade documentation to learn more about this new config option. (called from env_config at /Users/yone/.rvm/gems/ruby-1.9.3-p286/gems/railties-4.0.0/lib/rails/application.rb:141)
Processing by RaccoonController#respond_200 as HTML
  Rendered text template (0.1ms)
Completed 200 OK in 10ms (Views: 9.7ms)
Processing by RaccoonController#respond_404 as HTML
Completed 404 Not Found in 1ms (Views: 0.6ms)
DEPRECATION WARNING: You didn't set config.secret_key_base. Read the upgrade documentation to learn more about this new config option. (called from env_config at /Users/yone/.rvm/gems/ruby-1.9.3-p286/gems/railties-4.0.0/lib/rails/application.rb:141)
Processing by RaccoonController#respond_200 as HTML
  Rendered text template (0.1ms)
Completed 200 OK in 10ms (Views: 10.0ms)
Processing by RaccoonController#respond_404 as HTML
Completed 404 Not Found in 1ms (Views: 0.4ms)
DEPRECATION WARNING: You didn't set config.secret_key_base. Read the upgrade documentation to learn more about this new config option. (called from env_config at /Users/yone/.rvm/gems/ruby-1.9.3-p286/gems/railties-4.0.0/lib/rails/application.rb:141)
Processing by RaccoonController#respond_200 as HTML
  Rendered text template (0.1ms)
Completed 200 OK in 11ms (Views: 10.5ms)
Processing by RaccoonController#respond_404 as HTML
Completed 404 Not Found in 1ms (Views: 0.5ms)
DEPRECATION WARNING: You didn't set config.secret_key_base. Read the upgrade documentation to learn more about this new config option. (called from env_config at /Users/yone/.rvm/gems/ruby-1.9.3-p286/gems/railties-4.0.0/lib/rails/application.rb:141)
Processing by RaccoonController#respond_200 as HTML
  Rendered text template (0.1ms)
Completed 200 OK in 10ms (Views: 9.5ms)
Processing by RaccoonController#respond_404 as HTML
Completed 404 Not Found in 1ms (Views: 0.5ms)
DEPRECATION WARNING: You didn't set config.secret_key_base. Read the upgrade documentation to learn more about this new config option. (called from env_config at /Users/yone/.rvm/gems/ruby-1.9.3-p286/gems/railties-4.0.0/lib/rails/application.rb:141)
Processing by RaccoonController#respond_200 as HTML
  Rendered text template (0.1ms)
Completed 200 OK in 10ms (Views: 10.0ms)
Processing by RaccoonController#respond_404 as HTML
Completed 404 Not Found in 1ms (Views: 0.6ms)
DEPRECATION WARNING: You didn't set config.secret_key_base. Read the upgrade documentation to learn more about this new config option. (called from env_config at /Users/yone/.rvm/gems/ruby-1.9.3-p286/gems/railties-4.0.0/lib/rails/application.rb:141)
Processing by RaccoonController#respond_200 as HTML
  Rendered text template (0.1ms)
Completed 200 OK in 10ms (Views: 9.9ms)
Processing by RaccoonController#respond_404 as HTML
Completed 404 Not Found in 1ms (Views: 0.7ms)
DEPRECATION WARNING: You didn't set config.secret_key_base. Read the upgrade documentation to learn more about this new config option. (called from env_config at /Users/yone/.rvm/gems/ruby-1.9.3-p286/gems/railties-4.0.0/lib/rails/application.rb:141)
Processing by RaccoonController#respond_200 as HTML
  Rendered text template (0.1ms)
Completed 200 OK in 10ms (Views: 10.1ms)
Processing by RaccoonController#respond_404 as HTML
Completed 404 Not Found in 1ms (Views: 0.7ms)
DEPRECATION WARNING: You didn't set config.secret_key_base. Read the upgrade documentation to learn more about this new config option. (called from env_config at /Users/yone/.rvm/gems/ruby-1.9.3-p286/gems/railties-4.0.0/lib/rails/application.rb:141)
Processing by RaccoonController#respond_200 as HTML
  Rendered text template (0.1ms)
Completed 200 OK in 11ms (Views: 10.2ms)
Processing by RaccoonController#respond_404 as HTML
Completed 404 Not Found in 1ms (Views: 0.7ms)
DEPRECATION WARNING: You didn't set config.secret_key_base. Read the upgrade documentation to learn more about this new config option. (called from env_config at /Users/yone/.rvm/gems/ruby-1.9.3-p286/gems/railties-4.0.0/lib/rails/application.rb:141)
Processing by RaccoonController#respond_200 as HTML
  Rendered text template (0.1ms)
Completed 200 OK in 10ms (Views: 10.1ms)
Processing by RaccoonController#respond_404 as HTML
Completed 404 Not Found in 1ms (Views: 0.6ms)
DEPRECATION WARNING: You didn't set config.secret_key_base. Read the upgrade documentation to learn more about this new config option. (called from env_config at /Users/yone/.rvm/gems/ruby-1.9.3-p286/gems/railties-4.0.0/lib/rails/application.rb:141)
Processing by RaccoonController#respond_200 as HTML
  Rendered text template (0.1ms)
Completed 200 OK in 12ms (Views: 11.6ms)
Processing by RaccoonController#respond_404 as HTML
Completed 404 Not Found in 1ms (Views: 0.5ms)
DEPRECATION WARNING: You didn't set config.secret_key_base. Read the upgrade documentation to learn more about this new config option. (called from env_config at /Users/yone/.rvm/gems/ruby-1.9.3-p286/gems/railties-4.0.0/lib/rails/application.rb:141)
Processing by RaccoonController#respond_200 as HTML
  Rendered text template (0.1ms)
Completed 200 OK in 13ms (Views: 12.6ms)
Processing by RaccoonController#respond_404 as HTML
Completed 404 Not Found in 1ms (Views: 0.8ms)
DEPRECATION WARNING: You didn't set config.secret_key_base. Read the upgrade documentation to learn more about this new config option. (called from env_config at /Users/yone/.rvm/gems/ruby-1.9.3-p286/gems/railties-4.0.0/lib/rails/application.rb:141)
Processing by RaccoonController#respond_200 as HTML
  Rendered text template (0.1ms)
Completed 200 OK in 10ms (Views: 9.8ms)
Processing by RaccoonController#respond_404 as HTML
Completed 404 Not Found in 1ms (Views: 0.8ms)
DEPRECATION WARNING: You didn't set config.secret_key_base. Read the upgrade documentation to learn more about this new config option. (called from env_config at /Users/yone/.rvm/gems/ruby-1.9.3-p286/gems/railties-4.0.0/lib/rails/application.rb:141)
Processing by RaccoonController#respond_200 as HTML
  Rendered text template (0.1ms)
Completed 200 OK in 10ms (Views: 9.9ms)
Processing by RaccoonController#respond_404 as HTML
Completed 404 Not Found in 1ms (Views: 0.5ms)
DEPRECATION WARNING: You didn't set config.secret_key_base. Read the upgrade documentation to learn more about this new config option. (called from env_config at /Users/yone/.rvm/gems/ruby-1.9.3-p286/gems/railties-4.0.0/lib/rails/application.rb:141)
Processing by RaccoonController#respond_200 as HTML
  Rendered text template (0.1ms)
Completed 200 OK in 10ms (Views: 9.9ms)
Processing by RaccoonController#respond_404 as HTML
Completed 404 Not Found in 1ms (Views: 0.8ms)
DEPRECATION WARNING: You didn't set config.secret_key_base. Read the upgrade documentation to learn more about this new config option. (called from env_config at /Users/yone/.rvm/gems/ruby-1.9.3-p286/gems/railties-4.0.0/lib/rails/application.rb:141)
Processing by RaccoonController#respond_200 as HTML
  Rendered text template (0.1ms)
Completed 200 OK in 11ms (Views: 10.7ms)
Processing by RaccoonController#respond_404 as HTML
Completed 404 Not Found in 1ms (Views: 0.7ms)
DEPRECATION WARNING: You didn't set config.secret_key_base. Read the upgrade documentation to learn more about this new config option. (called from env_config at /Users/yone/.rvm/gems/ruby-1.9.3-p286/gems/railties-4.0.0/lib/rails/application.rb:141)
Processing by RaccoonController#respond_200 as HTML
  Rendered text template (0.1ms)
Completed 200 OK in 10ms (Views: 9.9ms)
Processing by RaccoonController#respond_404 as HTML
Completed 404 Not Found in 1ms (Views: 0.6ms)
DEPRECATION WARNING: You didn't set config.secret_key_base. Read the upgrade documentation to learn more about this new config option. (called from env_config at /Users/yone/.rvm/gems/ruby-1.9.3-p286/gems/railties-4.0.0/lib/rails/application.rb:141)
Processing by RaccoonController#respond_200 as HTML
  Rendered text template (0.1ms)
Completed 200 OK in 12ms (Views: 11.4ms)
Processing by RaccoonController#respond_404 as HTML
Completed 404 Not Found in 1ms (Views: 0.7ms)
DEPRECATION WARNING: You didn't set config.secret_key_base. Read the upgrade documentation to learn more about this new config option. (called from env_config at /Users/yone/.rvm/gems/ruby-1.9.3-p286/gems/railties-4.0.0/lib/rails/application.rb:141)
Processing by RaccoonController#respond_200 as HTML
  Rendered text template (0.1ms)
Completed 200 OK in 10ms (Views: 9.6ms)
Processing by RaccoonController#respond_404 as HTML
Completed 404 Not Found in 1ms (Views: 0.6ms)
DEPRECATION WARNING: You didn't set config.secret_key_base. Read the upgrade documentation to learn more about this new config option. (called from env_config at /Users/yone/.rvm/gems/ruby-1.9.3-p286/gems/railties-4.0.0/lib/rails/application.rb:141)
Processing by RaccoonController#respond_200 as HTML
  Rendered text template (0.1ms)
Completed 200 OK in 11ms (Views: 10.6ms)
Processing by RaccoonController#respond_404 as HTML
Completed 404 Not Found in 1ms (Views: 0.6ms)
DEPRECATION WARNING: You didn't set config.secret_key_base. Read the upgrade documentation to learn more about this new config option. (called from env_config at /Users/yone/.rvm/gems/ruby-1.9.3-p286/gems/railties-4.0.0/lib/rails/application.rb:141)
Processing by RaccoonController#respond_200 as HTML
  Rendered text template (0.1ms)
Completed 200 OK in 10ms (Views: 9.5ms)
Processing by RaccoonController#respond_404 as HTML
Completed 404 Not Found in 1ms (Views: 0.5ms)
DEPRECATION WARNING: You didn't set config.secret_key_base. Read the upgrade documentation to learn more about this new config option. (called from env_config at /Users/yone/.rvm/gems/ruby-1.9.3-p286/gems/railties-4.0.0/lib/rails/application.rb:141)
Processing by RaccoonController#respond_200 as HTML
  Rendered text template (0.1ms)
Completed 200 OK in 11ms (Views: 10.7ms)
Processing by RaccoonController#respond_404 as HTML
Completed 404 Not Found in 1ms (Views: 0.5ms)
DEPRECATION WARNING: You didn't set config.secret_key_base. Read the upgrade documentation to learn more about this new config option. (called from env_config at /Users/yone/.rvm/gems/ruby-1.9.3-p286/gems/railties-4.0.0/lib/rails/application.rb:141)
Processing by RaccoonController#respond_200 as HTML
  Rendered text template (0.1ms)
Completed 200 OK in 10ms (Views: 10.0ms)
Processing by RaccoonController#respond_404 as HTML
Completed 404 Not Found in 1ms (Views: 0.5ms)
DEPRECATION WARNING: You didn't set config.secret_key_base. Read the upgrade documentation to learn more about this new config option. (called from env_config at /Users/yone/.rvm/gems/ruby-1.9.3-p286/gems/railties-4.0.0/lib/rails/application.rb:141)
Processing by RaccoonController#respond_200 as HTML
  Rendered text template (0.1ms)
Completed 200 OK in 11ms (Views: 10.5ms)
Processing by RaccoonController#respond_401 as HTML
Completed 401 Unauthorized in 1ms (Views: 0.5ms)
Processing by RaccoonController#respond_404 as HTML
Completed 404 Not Found in 1ms (Views: 0.9ms)
Processing by RaccoonController#respond_500 as HTML
Completed 500 Internal Server Error in 1ms (Views: 0.5ms)
DEPRECATION WARNING: You didn't set config.secret_key_base. Read the upgrade documentation to learn more about this new config option. (called from env_config at /Users/yone/.rvm/gems/ruby-1.9.3-p286/gems/railties-4.0.0/lib/rails/application.rb:141)
Processing by RaccoonController#respond_200 as HTML
  Rendered text template (0.1ms)
Completed 200 OK in 10ms (Views: 9.9ms)
Processing by RaccoonController#respond_401 as HTML
Completed 401 Unauthorized in 1ms (Views: 0.5ms)
Processing by RaccoonController#respond_404 as HTML
Completed 404 Not Found in 1ms (Views: 0.4ms)
Processing by RaccoonController#respond_500 as HTML
Completed 500 Internal Server Error in 1ms (Views: 0.4ms)
